Arguments: 
  /usr/bin/node /usr/share/yarn/bin/yarn.js add express cors bodyParser morgan

PATH: 
  /home/chanaru/.local/bin:/usr/local/sbin:/usr/local/bin:/usr/sbin:/usr/bin:/sbin:/bin:/usr/games:/usr/local/games:/snap/bin

Yarn version: 
  1.13.0

Node version: 
  8.15.0

Platform: 
  linux x64

Trace: 
  Error: https://registry.yarnpkg.com/bodyParser: Not found
      at Request.params.callback [as _callback] (/usr/share/yarn/lib/cli.js:66255:18)
      at Request.self.callback (/usr/share/yarn/lib/cli.js:129397:22)
      at emitTwo (events.js:126:13)
      at Request.emit (events.js:214:7)
      at Request.<anonymous> (/usr/share/yarn/lib/cli.js:130369:10)
      at emitOne (events.js:116:13)
      at Request.emit (events.js:211:7)
      at IncomingMessage.<anonymous> (/usr/share/yarn/lib/cli.js:130291:12)
      at Object.onceWrapper (events.js:313:30)
      at emitNone (events.js:111:20)

npm manifest: 
  {
    "name": "bc-ns-cms",
    "version": "1.0.0",
    "description": "CMS block module for the bigcommerce",
    "main": "app.js",
    "author": "Chanaru Sampath",
    "license": "MIT",
    "scripts": {
      "client-install": "npm install --prefix client",
      "start": "node server.js",
      "server": "nodemon server.js",
      "client": "npm start --prefix client",
      "dev": "concurrently \"npm run server\" \"npm run client\"",
      "pre-build": "npm install --prefix client && npm run build --prefix client"
    },
    "dependencies": {},
    "devDependencies": {
      "concurrently": "^4.1.0",
      "nodemon": "^1.18.10"
    }
  }

yarn manifest: 
  No manifest

Lockfile: 
  No lockfile
